build/outputs/apk/manifest-merger-debug-report.txt
-- Merging decision tree log ---
manifest
ADDED from AndroidManifest.xml:1:1
	package
		ADDED from AndroidManifest.xml:2:61
	android:versionName
		ADDED from AndroidManifest.xml:2:9
	android:versionCode
		ADDED from AndroidManifest.xml:2:37
		INJECTED from AndroidManifest.xml:0:0
		INJECTED from AndroidManifest.xml:0:0
	xmlns:android
		ADDED from AndroidManifest.xml:1:11
uses-sdk
ADDED from AndroidManifest.xml:3:5
	android:minSdkVersion
		ADDED from AndroidManifest.xml:3:15
application
ADDED from AndroidManifest.xml:4:5
	android:label
		ADDED from AndroidManifest.xml:4:18
	android:icon
		ADDED from AndroidManifest.xml:4:51
service#com.example.android.softkeyboard.SoftKeyboard
ADDED from AndroidManifest.xml:5:9
	android:permission
		ADDED from AndroidManifest.xml:6:17
	android:name
		ADDED from AndroidManifest.xml:5:18
intent-filter#android.intent.category.HOME+android.view.InputMethod
ADDED from AndroidManifest.xml:9:13
action#android.view.InputMethod
ADDED from AndroidManifest.xml:10:17
	android:name
		ADDED from AndroidManifest.xml:10:25
category#android.intent.category.HOME
ADDED from AndroidManifest.xml:11:17
	android:name
		ADDED from AndroidManifest.xml:11:27
meta-data#android.view.im
ADDED from AndroidManifest.xml:13:13
	android:resource
		ADDED from AndroidManifest.xml:13:55
	android:name
		ADDED from AndroidManifest.xml:13:24